./sdriver.pl -t trace15.txt -s ./tsh -a "-p"
#
# trace15.txt - Putting it all together
#
tsh> ./bogus
./bogus: Command not found
tsh> ./myspin 10
Job [1] (28440) terminated by signal 2
tsh> ./myspin 3 &
[1] (28462) ./myspin 3 &
tsh> ./myspin 4 &
[2] (28464) ./myspin 4 &
tsh> jobs
[1] (28462) Running ./myspin 3 &
[2] (28464) Running ./myspin 4 &
tsh> fg %1
Job [1] (28462) stopped by signal 20
tsh> jobs
[1] (28462) Stopped ./myspin 3 &
[2] (28464) Running ./myspin 4 &
tsh> bg %3
%3: No such job
tsh> bg %1
[1] (28462) ./myspin 3 &
tsh> jobs
[1] (28462) Running ./myspin 3 &
[2] (28464) Running ./myspin 4 &
tsh> fg %1
tsh> quit
